2026-04-12 15:10:21 - Data.connection - ERROR - connection.py:46 - Failed to initialize connection pool: connection to server at "localhost" (127.0.0.1), port 5432 failed: Connection refused
	Is the server running on that host and accepting TCP/IP connections?

2026-04-12 15:11:40 - Data.connection - INFO - connection.py:44 - Database connection pool initialized
2026-04-12 23:17:16 - Data.connection - INFO - connection.py:44 - Database connection pool initialized
2026-04-12 23:17:59 - Data.unit_of_work - WARNING - unit_of_work.py:53 - UnitOfWork rolled back due to: 404: Worker not found
2026-04-12 23:19:05 - Data.unit_of_work - WARNING - unit_of_work.py:53 - UnitOfWork rolled back due to: Database query failed: insert or update on table "worker_embeddings" violates foreign key constraint "worker_embeddings_camera_id_fkey"
DETAIL:  Key (camera_id)=(REGISTRATION) is not present in table "cameras".

2026-04-12 23:21:22 - Data.unit_of_work - WARNING - unit_of_work.py:53 - UnitOfWork rolled back due to: Database query failed: insert or update on table "worker_embeddings" violates foreign key constraint "worker_embeddings_camera_id_fkey"
DETAIL:  Key (camera_id)=(REGISTRATION) is not present in table "cameras".

2026-04-12 23:22:13 - Data.Repositories.WorkerEmbedding_Repository - INFO - WorkerEmbedding_Repository.py:39 - Worker embedding for worker c2e29e4e-b9de-4e72-b20a-9d76adfb4dfd added to database
2026-04-12 23:22:13 - Data.Repositories.WorkerEmbedding_Repository - INFO - WorkerEmbedding_Repository.py:126 - Embedding 3 set as primary for worker c2e29e4e-b9de-4e72-b20a-9d76adfb4dfd
2026-04-12 23:59:29 - Data.Repositories.WorkerEmbedding_Repository - INFO - WorkerEmbedding_Repository.py:39 - Worker embedding for worker c2e29e4e-b9de-4e72-b20a-9d76adfb4dfd added to database
2026-04-12 23:59:29 - Data.Repositories.WorkerEmbedding_Repository - INFO - WorkerEmbedding_Repository.py:126 - Embedding 4 set as primary for worker c2e29e4e-b9de-4e72-b20a-9d76adfb4dfd
2026-04-13 00:26:22 - Data.connection - INFO - connection.py:44 - Database connection pool initialized
2026-04-16 14:56:54 - Data.connection - ERROR - connection.py:46 - Failed to initialize connection pool: connection to server at "localhost" (127.0.0.1), port 5432 failed: Connection refused
	Is the server running on that host and accepting TCP/IP connections?

2026-04-16 14:57:21 - Data.connection - INFO - connection.py:44 - Database connection pool initialized
2026-04-16 15:05:32 - Data.unit_of_work - WARNING - unit_of_work.py:53 - UnitOfWork rolled back due to: Database query failed: different vector dimensions 512 and 4

2026-04-16 15:23:31 - Data.Repositories.WorkerEmbedding_Repository - INFO - WorkerEmbedding_Repository.py:39 - Worker embedding for worker c2e29e4e-b9de-4e72-b20a-9d76adfb4dfd added to database
2026-04-16 15:23:31 - Data.Repositories.WorkerEmbedding_Repository - INFO - WorkerEmbedding_Repository.py:126 - Embedding 5 set as primary for worker c2e29e4e-b9de-4e72-b20a-9d76adfb4dfd
2026-04-16 15:37:34 - Data.connection - INFO - connection.py:44 - Database connection pool initialized
2026-04-16 15:40:09 - Data.connection - INFO - connection.py:44 - Database connection pool initialized
2026-04-16 15:40:11 - Data.unit_of_work - WARNING - unit_of_work.py:53 - UnitOfWork rolled back due to: WorkerEmbedding.__init__() got an unexpected keyword argument 'name'
2026-04-16 15:41:26 - Data.connection - INFO - connection.py:44 - Database connection pool initialized
2026-04-16 16:05:13 - Data.unit_of_work - WARNING - unit_of_work.py:53 - UnitOfWork rolled back due to: WorkerEmbedding.__init__() missing 1 required positional argument: 'name'
2026-04-16 16:07:30 - Data.unit_of_work - WARNING - unit_of_work.py:53 - UnitOfWork rolled back due to: WorkerEmbedding.__init__() missing 1 required positional argument: 'name'
2026-04-16 16:08:31 - Data.unit_of_work - WARNING - unit_of_work.py:53 - UnitOfWork rolled back due to: WorkerEmbedding.__init__() missing 1 required positional argument: 'name'
2026-04-16 16:09:34 - Data.connection - INFO - connection.py:44 - Database connection pool initialized
2026-04-16 16:11:26 - Data.connection - INFO - connection.py:44 - Database connection pool initialized
2026-04-16 16:12:26 - Data.Repositories.WorkerEmbedding_Repository - INFO - WorkerEmbedding_Repository.py:39 - Worker embedding for worker 7ac506ca-2555-431e-a282-bf5a51814add added to database
2026-04-16 16:12:26 - Data.Repositories.WorkerEmbedding_Repository - INFO - WorkerEmbedding_Repository.py:126 - Embedding 6 set as primary for worker 7ac506ca-2555-431e-a282-bf5a51814add
